2021/09/19 11:10:36: https://microcoft.com
2021/09/19 11:20:54: https://microsoft.com
2021/09/19 11:21:07: https://yahoo.com
2021/09/19 11:21:07: https://microsoft.com
2021/09/19 11:21:14: https://drweb.com
2021/09/19 11:21:14: https://yahoo.com
2021/09/19 11:21:14: https://microsoft.com
2021/09/19 11:21:19: https://drweb.com
2021/09/19 11:21:19: https://drweb.com
2021/09/19 11:27:55: https://microsoft.com
2021/09/19 11:28:05: https://yahoo.com
2021/09/19 11:28:05: https://microsoft.com
2021/09/19 11:28:12: https://drweb.com
2021/09/19 11:28:12: https://yahoo.com
2021/09/19 11:28:12: https://microsoft.com
2021/09/19 11:28:18: https://www.google.com/search?q=images&sxsrf=AOaemvLpDh8oxHgnzxgYlS3y2chXxIePfw%3A1632039885957&source=hp&ei=zfNGYaj_N8CJwbkP-beukAs&iflsig=ALs-wAMAAAAAYUcB3WC9pZTw6Guj9BVfgEX97hF3bKg4&oq=images&gs_lcp=Cgdnd3Mtd2l6EAMyBAgAEEMyBQgAEMsBMgUIABDLATIFCAAQywEyBQgAEMsBMgUIABDLATIFCAAQywEyBQgAEMsBMgUIABDLATIFCAAQywE6BAgjECc6BQgAEIAEOgsILhCABBDHARCjAjoLCC4QgAQQxwEQ0QM6BQguEIAEOgUIABCRAjoECC4QQ1CZFViYHmDqKGgAcAB4AIABgwGIAfQFkgEDMC42mAEAoAEB&sclient=gws-wiz&ved=0ahUKEwjomaOtzorzAhXARDABHfmbC7IQ4dUDCAc&uact=5
2021/09/19 11:28:18: https://drweb.com
2021/09/19 11:28:18: https://yahoo.com
2021/09/19 11:28:18: https://microsoft.com
2021/09/19 11:29:04: https://drweb.com
2021/09/19 11:29:04: https://www.google.com/search?q=images&sxsrf=AOaemvLpDh8oxHgnzxgYlS3y2chXxIePfw%3A1632039885957&source=hp&ei=zfNGYaj_N8CJwbkP-beukAs&iflsig=ALs-wAMAAAAAYUcB3WC9pZTw6Guj9BVfgEX97hF3bKg4&oq=images&gs_lcp=Cgdnd3Mtd2l6EAMyBAgAEEMyBQgAEMsBMgUIABDLATIFCAAQywEyBQgAEMsBMgUIABDLATIFCAAQywEyBQgAEMsBMgUIABDLATIFCAAQywE6BAgjECc6BQgAEIAEOgsILhCABBDHARCjAjoLCC4QgAQQxwEQ0QM6BQguEIAEOgUIABCRAjoECC4QQ1CZFViYHmDqKGgAcAB4AIABgwGIAfQFkgEDMC42mAEAoAEB&sclient=gws-wiz&ved=0ahUKEwjomaOtzorzAhXARDABHfmbC7IQ4dUDCAc&uact=5
2021/09/19 11:29:04: https://drweb.com
